Using pre-set license
Built from '2020.3/staging' branch; Version is '2020.3.30f1 (1fb1bf06830e) revision 2077119'; Using compiler version '192528614'; Build Type 'Release'
OS: 'Windows 11  (10.0.22621) 64bit CoreSingleLanguage' Language: 'pt' Physical Memory: 16221 MB
BatchMode: 1, IsHumanControllingUs: 0, StartBugReporterOnCrash: 0, Is64bit: 1, IsPro: 0

COMMAND LINE ARGUMENTS:
D:\unity\2020.3.30f1\Editor\Unity.exe
-adb2
-batchMode
-noUpm
-name
AssetImportWorker0
-projectPath
D:/Estudo/Facens/Matérias/4º semestre/fabirca 4/game/My-Last-Mission
-logFile
Logs/AssetImportWorker0.log
-srvPort
58225
Successfully changed project path to: D:/Estudo/Facens/Matérias/4º semestre/fabirca 4/game/My-Last-Mission
D:/Estudo/Facens/Matérias/4º semestre/fabirca 4/game/My-Last-Mission
Using Asset Import Pipeline V2.
Refreshing native plugins compatible for Editor in 33.53 ms, found 2 plugins.
Preloading 0 native plugins for Editor in 0.00 ms.
Initialize engine version: 2020.3.30f1 (1fb1bf06830e)
[Subsystems] Discovering subsystems at path D:/unity/2020.3.30f1/Editor/Data/Resources/UnitySubsystems
[Subsystems] Discovering subsystems at path D:/Estudo/Facens/Matérias/4º semestre/fabirca 4/game/My-Last-Mission/Assets
GfxDevice: creating device client; threaded=0
Direct3D:
    Version:  Direct3D 11.0 [level 11.1]
    Renderer: NVIDIA GeForce GTX 1650 (ID=0x1f91)
    Vendor:   
    VRAM:     3962 MB
    Driver:   31.0.15.1694
Initialize mono
Mono path[0] = 'D:/unity/2020.3.30f1/Editor/Data/Managed'
Mono path[1] = 'D:/unity/2020.3.30f1/Editor/Data/MonoBleedingEdge/lib/mono/unityjit'
Mono config path = 'D:/unity/2020.3.30f1/Editor/Data/MonoBleedingEdge/etc'
Using monoOptions --debugger-agent=transport=dt_socket,embedding=1,server=y,suspend=n,address=127.0.0.1:56524
Begin MonoManager ReloadAssembly
Registering precompiled unity dll's ...
Register platform support module: D:/unity/2020.3.30f1/Editor/Data/PlaybackEngines/WindowsStandaloneSupport/UnityEditor.WindowsStandalone.Extensions.dll
Registered in 0.000981 seconds.
Native extension for WindowsStandalone target not found
Refreshing native plugins compatible for Editor in 31.20 ms, found 2 plugins.
Preloading 0 native plugins for Editor in 0.00 ms.
Mono: successfully reloaded assembly
- Completed reload, in  0.649 seconds
Domain Reload Profiling:
	ReloadAssembly (649ms)
		BeginReloadAssembly (84ms)
			ExecutionOrderSort (0ms)
			DisableScriptedObjects (0ms)
			BackupInstance (0ms)
			ReleaseScriptingObjects (0ms)
			CreateAndSetChildDomain (1ms)
		EndReloadAssembly (494ms)
			LoadAssemblies (84ms)
			RebuildTransferFunctionScriptingTraits (0ms)
			SetupTypeCache (171ms)
			ReleaseScriptCaches (0ms)
			RebuildScriptCaches (37ms)
			SetupLoadedEditorAssemblies (177ms)
				LogAssemblyErrors (0ms)
				InitializePlatformSupportModulesInManaged (6ms)
				SetLoadedEditorAssemblies (0ms)
				RefreshPlugins (31ms)
				BeforeProcessingInitializeOnLoad (17ms)
				ProcessInitializeOnLoadAttributes (91ms)
				ProcessInitializeOnLoadMethodAttributes (32ms)
				AfterProcessingInitializeOnLoad (0ms)
				EditorAssembliesLoaded (0ms)
			ExecutionOrderSort2 (0ms)
			AwakeInstancesAfterBackupRestoration (0ms)
Platform modules already initialized, skipping
Registering precompiled user dll's ...
Registered in 0.002674 seconds.
Begin MonoManager ReloadAssembly
Native extension for WindowsStandalone target not found
Refreshing native plugins compatible for Editor in 0.51 ms, found 2 plugins.
Preloading 0 native plugins for Editor in 0.00 ms.
Mono: successfully reloaded assembly
- Completed reload, in  1.114 seconds
Domain Reload Profiling:
	ReloadAssembly (1116ms)
		BeginReloadAssembly (180ms)
			ExecutionOrderSort (0ms)
			DisableScriptedObjects (5ms)
			BackupInstance (0ms)
			ReleaseScriptingObjects (0ms)
			CreateAndSetChildDomain (21ms)
		EndReloadAssembly (879ms)
			LoadAssemblies (122ms)
			RebuildTransferFunctionScriptingTraits (0ms)
			SetupTypeCache (302ms)
			ReleaseScriptCaches (1ms)
			RebuildScriptCaches (45ms)
			SetupLoadedEditorAssemblies (331ms)
				LogAssemblyErrors (0ms)
				InitializePlatformSupportModulesInManaged (4ms)
				SetLoadedEditorAssemblies (1ms)
				RefreshPlugins (1ms)
				BeforeProcessingInitializeOnLoad (90ms)
				ProcessInitializeOnLoadAttributes (223ms)
				ProcessInitializeOnLoadMethodAttributes (11ms)
				AfterProcessingInitializeOnLoad (2ms)
				EditorAssembliesLoaded (0ms)
			ExecutionOrderSort2 (0ms)
			AwakeInstancesAfterBackupRestoration (6ms)
Platform modules already initialized, skipping
========================================================================
Worker process is ready to serve import requests
Launched and connected shader compiler UnityShaderCompiler.exe after 0.15 seconds
Refreshing native plugins compatible for Editor in 0.43 ms, found 2 plugins.
Preloading 0 native plugins for Editor in 0.00 ms.
Unloading 1513 Unused Serialized files (Serialized files now loaded: 0)
System memory in use before: 67.9 MB.
System memory in use after: 68.0 MB.

Unloading 16 unused Assets to reduce memory usage. Loaded Objects now: 1948.
Total: 4.948700 ms (FindLiveObjects: 0.663600 ms CreateObjectMapping: 0.277000 ms MarkObjects: 3.921400 ms  DeleteObjects: 0.083200 ms)

AssetImportParameters requested are different than current active one (requested -> active):
  custom:framework-win-MediaFoundation: 216162199b28c13a410421893ffa2e32 -> 
  custom:video-decoder-ogg-theora: a1e56fd34408186e4bbccfd4996cb3dc -> 
  custom:container-muxer-webm: aa71ff27fc2769a1b78a27578f13a17b -> 
  custom:container-demuxer-webm: 4f35f7cbe854078d1ac9338744f61a02 -> 
  custom:container-demuxer-ogg: 62fdf1f143b41e24485cea50d1cbac27 -> 
  custom:video-encoder-webm-vp8: eb34c28f22e8b96e1ab97ce403110664 -> 
  custom:video-decoder-webm-vp8: 9c59270c3fd7afecdb556c50c9e8de78 -> 
  custom:audio-decoder-ogg-vorbis: bf7c407c2cedff20999df2af8eb42d56 -> 
  custom:audio-encoder-webm-vorbis: bf7c407c2cedff20999df2af8eb42d56 -> 
========================================================================
Received Import Request.
  path: Assets/Scenes
  artifactKey: Guid(f98497647a76b554993d6e7f0bbdbc7c) Importer(815301076,1909f56bfc062723c751e8b465ee728b)
Start importing Assets/Scenes using Guid(f98497647a76b554993d6e7f0bbdbc7c) Importer(815301076,1909f56bfc062723c751e8b465ee728b)  -> (artifact id: 'b2760fbb0b3b4b8d642276b82d6d8eaf') in 0.015054 seconds 
========================================================================
Received Import Request.
  Time since last request: 0.000322 seconds.
  path: Assets/Scenes/SampleScene.unity
  artifactKey: Guid(9fc0d4010bbf28b4594072e72b8655ab) Importer(815301076,1909f56bfc062723c751e8b465ee728b)
Start importing Assets/Scenes/SampleScene.unity using Guid(9fc0d4010bbf28b4594072e72b8655ab) Importer(815301076,1909f56bfc062723c751e8b465ee728b)  -> (artifact id: '85059f4f9e1a832ed95adaa0d25c5c4c') in 0.026086 seconds 
========================================================================
Received Import Request.
  Time since last request: 7.923171 seconds.
  path: Assets/Project
  artifactKey: Guid(1315cd5abde12704eabe14031a0036f7) Importer(815301076,1909f56bfc062723c751e8b465ee728b)
Start importing Assets/Project using Guid(1315cd5abde12704eabe14031a0036f7) Importer(815301076,1909f56bfc062723c751e8b465ee728b)  -> (artifact id: 'c72351a3de16054a6c436aa82c4a7680') in 0.005659 seconds 
========================================================================
Received Import Request.
  Time since last request: 11.049639 seconds.
  path: Assets/Project/Scenes
  artifactKey: Guid(e688055521e93cc46b1a77f1fee59670) Importer(815301076,1909f56bfc062723c751e8b465ee728b)
Start importing Assets/Project/Scenes using Guid(e688055521e93cc46b1a77f1fee59670) Importer(815301076,1909f56bfc062723c751e8b465ee728b)  -> (artifact id: '4a71c6636b1a714eaacb3c7a5f198aab') in 0.002635 seconds 
========================================================================
Received Import Request.
  Time since last request: 0.605051 seconds.
  path: Assets/Project/Scenes/TestScene.unity
  artifactKey: Guid(5c7dbff1a579f0747a83e41b964f95d0) Importer(815301076,1909f56bfc062723c751e8b465ee728b)
Start importing Assets/Project/Scenes/TestScene.unity using Guid(5c7dbff1a579f0747a83e41b964f95d0) Importer(815301076,1909f56bfc062723c751e8b465ee728b)  -> (artifact id: '9766caf17198a4838582fe41e2f8c084') in 0.005767 seconds 
========================================================================
Received Import Request.
  Time since last request: 56.142858 seconds.
  path: Assets/Project/Enemy
  artifactKey: Guid(3b8a103599ba9d94bb94bdb1dc171ce4) Importer(815301076,1909f56bfc062723c751e8b465ee728b)
Start importing Assets/Project/Enemy using Guid(3b8a103599ba9d94bb94bdb1dc171ce4) Importer(815301076,1909f56bfc062723c751e8b465ee728b)  -> (artifact id: 'bc28c3171c903784282eba07ee7e3917') in 0.010484 seconds 
========================================================================
Received Import Request.
  Time since last request: 1.262301 seconds.
  path: Assets/Project/Enemy/Scripts
  artifactKey: Guid(e24c74f9008a4e1488dd1c6ead1c41af) Importer(815301076,1909f56bfc062723c751e8b465ee728b)
Start importing Assets/Project/Enemy/Scripts using Guid(e24c74f9008a4e1488dd1c6ead1c41af) Importer(815301076,1909f56bfc062723c751e8b465ee728b)  -> (artifact id: '2215519edaea17be609b985d36181b59') in 0.007724 seconds 
========================================================================
Received Import Request.
  Time since last request: 1.541615 seconds.
  path: Assets/Project/Enemy/Sprite
  artifactKey: Guid(3b3137478167c2f47bbf57d05d4898ea) Importer(815301076,1909f56bfc062723c751e8b465ee728b)
Start importing Assets/Project/Enemy/Sprite using Guid(3b3137478167c2f47bbf57d05d4898ea) Importer(815301076,1909f56bfc062723c751e8b465ee728b)  -> (artifact id: '96be39c6b1f5f82dfe0dc2678586e496') in 0.009955 seconds 
========================================================================
Received Import Request.
  Time since last request: 0.107705 seconds.
  path: Assets/Project/Enemy/Sprite/doom.png
  artifactKey: Guid(8b1854d3c076b404a992d91e68e7b487) Importer(815301076,1909f56bfc062723c751e8b465ee728b)
Start importing Assets/Project/Enemy/Sprite/doom.png using Guid(8b1854d3c076b404a992d91e68e7b487) Importer(815301076,1909f56bfc062723c751e8b465ee728b)  -> (artifact id: '9debb528fd83d11dc2d7783d4fc49693') in 0.134861 seconds 
========================================================================
Received Import Request.
  Time since last request: 14.285061 seconds.
  path: Assets/Project/GameOver
  artifactKey: Guid(89503b61222e87e458948b15a2b8d961) Importer(815301076,1909f56bfc062723c751e8b465ee728b)
Start importing Assets/Project/GameOver using Guid(89503b61222e87e458948b15a2b8d961) Importer(815301076,1909f56bfc062723c751e8b465ee728b)  -> (artifact id: 'fac6e73911d17f11fb72e1a7f939398d') in 0.011488 seconds 
========================================================================
Received Import Request.
  Time since last request: 0.682929 seconds.
  path: Assets/Project/Levels
  artifactKey: Guid(c4cd6afb0cf9cc14dac1c2198729a9b0) Importer(815301076,1909f56bfc062723c751e8b465ee728b)
Start importing Assets/Project/Levels using Guid(c4cd6afb0cf9cc14dac1c2198729a9b0) Importer(815301076,1909f56bfc062723c751e8b465ee728b)  -> (artifact id: '8ac39246f8f3e088ed26f02235a9095f') in 0.010163 seconds 
========================================================================
Received Prepare
Registering precompiled user dll's ...
Registered in 0.002958 seconds.
Begin MonoManager ReloadAssembly
Native extension for WindowsStandalone target not found
Refreshing native plugins compatible for Editor in 0.52 ms, found 2 plugins.
Preloading 0 native plugins for Editor in 0.00 ms.
Mono: successfully reloaded assembly
- Completed reload, in  1.235 seconds
Domain Reload Profiling:
	ReloadAssembly (1235ms)
		BeginReloadAssembly (174ms)
			ExecutionOrderSort (0ms)
			DisableScriptedObjects (4ms)
			BackupInstance (0ms)
			ReleaseScriptingObjects (1ms)
			CreateAndSetChildDomain (43ms)
		EndReloadAssembly (997ms)
			LoadAssemblies (125ms)
			RebuildTransferFunctionScriptingTraits (0ms)
			SetupTypeCache (407ms)
			ReleaseScriptCaches (1ms)
			RebuildScriptCaches (48ms)
			SetupLoadedEditorAssemblies (331ms)
				LogAssemblyErrors (0ms)
				InitializePlatformSupportModulesInManaged (8ms)
				SetLoadedEditorAssemblies (1ms)
				RefreshPlugins (1ms)
				BeforeProcessingInitializeOnLoad (89ms)
				ProcessInitializeOnLoadAttributes (221ms)
				ProcessInitializeOnLoadMethodAttributes (9ms)
				AfterProcessingInitializeOnLoad (2ms)
				EditorAssembliesLoaded (0ms)
			ExecutionOrderSort2 (0ms)
			AwakeInstancesAfterBackupRestoration (9ms)
Platform modules already initialized, skipping
Refreshing native plugins compatible for Editor in 0.31 ms, found 2 plugins.
Preloading 0 native plugins for Editor in 0.00 ms.
Unloading 1507 Unused Serialized files (Serialized files now loaded: 0)
System memory in use before: 70.8 MB.
System memory in use after: 70.9 MB.

Unloading 11 unused Assets to reduce memory usage. Loaded Objects now: 1956.
Total: 3.608300 ms (FindLiveObjects: 0.209400 ms CreateObjectMapping: 0.081500 ms MarkObjects: 3.291400 ms  DeleteObjects: 0.024000 ms)

AssetImportParameters requested are different than current active one (requested -> active):
  custom:framework-win-MediaFoundation: 216162199b28c13a410421893ffa2e32 -> 
  custom:video-decoder-ogg-theora: a1e56fd34408186e4bbccfd4996cb3dc -> 
  custom:container-muxer-webm: aa71ff27fc2769a1b78a27578f13a17b -> 
  custom:container-demuxer-webm: 4f35f7cbe854078d1ac9338744f61a02 -> 
  custom:container-demuxer-ogg: 62fdf1f143b41e24485cea50d1cbac27 -> 
  custom:video-encoder-webm-vp8: eb34c28f22e8b96e1ab97ce403110664 -> 
  custom:video-decoder-webm-vp8: 9c59270c3fd7afecdb556c50c9e8de78 -> 
  custom:audio-decoder-ogg-vorbis: bf7c407c2cedff20999df2af8eb42d56 -> 
  custom:audio-encoder-webm-vorbis: bf7c407c2cedff20999df2af8eb42d56 -> 
========================================================================
Received Import Request.
  Time since last request: 33.781563 seconds.
  path: Assets/Project/GameOver/GameOverController.cs
  artifactKey: Guid(849357118b9268d4080af9ab616501ee) Importer(815301076,1909f56bfc062723c751e8b465ee728b)
Start importing Assets/Project/GameOver/GameOverController.cs using Guid(849357118b9268d4080af9ab616501ee) Importer(815301076,1909f56bfc062723c751e8b465ee728b)  -> (artifact id: '148c76abce5de189121bdc12b26a15ee') in 0.067242 seconds 
========================================================================
Received Import Request.
  Time since last request: 9.116259 seconds.
  path: Assets/Project/Levels/Materials
  artifactKey: Guid(7da34578fa520694b8adebcaa1de1a2c) Importer(815301076,1909f56bfc062723c751e8b465ee728b)
Start importing Assets/Project/Levels/Materials using Guid(7da34578fa520694b8adebcaa1de1a2c) Importer(815301076,1909f56bfc062723c751e8b465ee728b)  -> (artifact id: '99f6c829a9a8037dadd2df56ed9ad54b') in 0.006081 seconds 
========================================================================
Received Import Request.
  Time since last request: 0.558149 seconds.
  path: Assets/Project/Levels/Materials/BaseColors
  artifactKey: Guid(3b046fdd33fedc6489e685d298ce2059) Importer(815301076,1909f56bfc062723c751e8b465ee728b)
Start importing Assets/Project/Levels/Materials/BaseColors using Guid(3b046fdd33fedc6489e685d298ce2059) Importer(815301076,1909f56bfc062723c751e8b465ee728b)  -> (artifact id: '24f62c4ed7863547d82a13978b6625c6') in 0.006905 seconds 
========================================================================
Received Import Request.
  Time since last request: 0.069545 seconds.
  path: Assets/Project/Levels/Materials/BaseColors/Cian.mat
  artifactKey: Guid(14aa8d8830ec93c4eac39982f09d2d52) Importer(815301076,1909f56bfc062723c751e8b465ee728b)
Start importing Assets/Project/Levels/Materials/BaseColors/Cian.mat using Guid(14aa8d8830ec93c4eac39982f09d2d52) Importer(815301076,1909f56bfc062723c751e8b465ee728b)  -> (artifact id: 'fad28451c8b6c5db9f66641558a0415a') in 0.628909 seconds 
========================================================================
Received Import Request.
  Time since last request: 0.000523 seconds.
  path: Assets/Project/Levels/Materials/BaseColors/Red.mat
  artifactKey: Guid(fa12f852c598c8e4aa4bf70b4dc145d4) Importer(815301076,1909f56bfc062723c751e8b465ee728b)
Start importing Assets/Project/Levels/Materials/BaseColors/Red.mat using Guid(fa12f852c598c8e4aa4bf70b4dc145d4) Importer(815301076,1909f56bfc062723c751e8b465ee728b)  -> (artifact id: '628b9c6bcfd33dda6da8ad25f196fada') in 0.027316 seconds 
========================================================================
Received Import Request.
  Time since last request: 0.001536 seconds.
  path: Assets/Project/Levels/Materials/BaseColors/Grey.mat
  artifactKey: Guid(804d8627e1ca8c745ab97e7227c4aa68) Importer(815301076,1909f56bfc062723c751e8b465ee728b)
Start importing Assets/Project/Levels/Materials/BaseColors/Grey.mat using Guid(804d8627e1ca8c745ab97e7227c4aa68) Importer(815301076,1909f56bfc062723c751e8b465ee728b)  -> (artifact id: '6ca184e3ec5ec01cde25e1d41d66c42d') in 0.030156 seconds 
========================================================================
Received Import Request.
  Time since last request: 3.257366 seconds.
  path: Assets/Project/Player
  artifactKey: Guid(e327b4fa5ab10e2459873f10b579eaf6) Importer(815301076,1909f56bfc062723c751e8b465ee728b)
Start importing Assets/Project/Player using Guid(e327b4fa5ab10e2459873f10b579eaf6) Importer(815301076,1909f56bfc062723c751e8b465ee728b)  -> (artifact id: '42faad1df8c4875f0c7b68b9cae041ae') in 0.010068 seconds 
========================================================================
Received Import Request.
  Time since last request: 0.775493 seconds.
  path: Assets/Project/Player/Scripts
  artifactKey: Guid(07fcf5193f1e4ee45802dbd087d15d27) Importer(815301076,1909f56bfc062723c751e8b465ee728b)
Start importing Assets/Project/Player/Scripts using Guid(07fcf5193f1e4ee45802dbd087d15d27) Importer(815301076,1909f56bfc062723c751e8b465ee728b)  -> (artifact id: 'aaf6cb85bc44a681087614267ec8e6fe') in 0.002484 seconds 
========================================================================
Received Import Request.
  Time since last request: 3.778852 seconds.
  path: Assets/Project/Weapons
  artifactKey: Guid(6cc050024d3243246afa6206414562c4) Importer(815301076,1909f56bfc062723c751e8b465ee728b)
Start importing Assets/Project/Weapons using Guid(6cc050024d3243246afa6206414562c4) Importer(815301076,1909f56bfc062723c751e8b465ee728b)  -> (artifact id: '660596a7bb028b11f1b9269286c8cf36') in 0.009284 seconds 
========================================================================
Received Import Request.
  Time since last request: 1.274849 seconds.
  path: Assets/Project/Weapons/Prefabs
  artifactKey: Guid(6438789205ed5314c95c36a1d1c08e86) Importer(815301076,1909f56bfc062723c751e8b465ee728b)
Start importing Assets/Project/Weapons/Prefabs using Guid(6438789205ed5314c95c36a1d1c08e86) Importer(815301076,1909f56bfc062723c751e8b465ee728b)  -> (artifact id: 'a8f898cfc7defb0fe67860ac7cb447c7') in 0.005488 seconds 
========================================================================
Received Import Request.
  Time since last request: 0.075866 seconds.
  path: Assets/Project/Weapons/Prefabs/Revolver.prefab
  artifactKey: Guid(155fef9e04840524090dfc5d37bf525d) Importer(815301076,1909f56bfc062723c751e8b465ee728b)
Start importing Assets/Project/Weapons/Prefabs/Revolver.prefab using Guid(155fef9e04840524090dfc5d37bf525d) Importer(815301076,1909f56bfc062723c751e8b465ee728b)  -> (artifact id: 'a42ccf3643cb660150e7495375f77811') in 0.050588 seconds 
========================================================================
Received Prepare
Registering precompiled user dll's ...
Registered in 0.004834 seconds.
Begin MonoManager ReloadAssembly
Native extension for WindowsStandalone target not found
Refreshing native plugins compatible for Editor in 0.78 ms, found 2 plugins.
Preloading 0 native plugins for Editor in 0.00 ms.
Mono: successfully reloaded assembly
- Completed reload, in  1.043 seconds
Domain Reload Profiling:
	ReloadAssembly (1043ms)
		BeginReloadAssembly (143ms)
			ExecutionOrderSort (0ms)
			DisableScriptedObjects (4ms)
			BackupInstance (0ms)
			ReleaseScriptingObjects (0ms)
			CreateAndSetChildDomain (35ms)
		EndReloadAssembly (836ms)
			LoadAssemblies (127ms)
			RebuildTransferFunctionScriptingTraits (0ms)
			SetupTypeCache (295ms)
			ReleaseScriptCaches (1ms)
			RebuildScriptCaches (40ms)
			SetupLoadedEditorAssemblies (302ms)
				LogAssemblyErrors (0ms)
				InitializePlatformSupportModulesInManaged (5ms)
				SetLoadedEditorAssemblies (1ms)
				RefreshPlugins (1ms)
				BeforeProcessingInitializeOnLoad (76ms)
				ProcessInitializeOnLoadAttributes (208ms)
				ProcessInitializeOnLoadMethodAttributes (8ms)
				AfterProcessingInitializeOnLoad (2ms)
				EditorAssembliesLoaded (0ms)
			ExecutionOrderSort2 (0ms)
			AwakeInstancesAfterBackupRestoration (8ms)
Platform modules already initialized, skipping
Refreshing native plugins compatible for Editor in 0.31 ms, found 2 plugins.
Preloading 0 native plugins for Editor in 0.00 ms.
Unloading 1507 Unused Serialized files (Serialized files now loaded: 0)
System memory in use before: 71.1 MB.
System memory in use after: 71.2 MB.

Unloading 11 unused Assets to reduce memory usage. Loaded Objects now: 1996.
Total: 4.101200 ms (FindLiveObjects: 0.197800 ms CreateObjectMapping: 0.055300 ms MarkObjects: 3.821100 ms  DeleteObjects: 0.024900 ms)

AssetImportParameters requested are different than current active one (requested -> active):
  custom:framework-win-MediaFoundation: 216162199b28c13a410421893ffa2e32 -> 
  custom:video-decoder-ogg-theora: a1e56fd34408186e4bbccfd4996cb3dc -> 
  custom:container-muxer-webm: aa71ff27fc2769a1b78a27578f13a17b -> 
  custom:container-demuxer-webm: 4f35f7cbe854078d1ac9338744f61a02 -> 
  custom:container-demuxer-ogg: 62fdf1f143b41e24485cea50d1cbac27 -> 
  custom:video-encoder-webm-vp8: eb34c28f22e8b96e1ab97ce403110664 -> 
  custom:video-decoder-webm-vp8: 9c59270c3fd7afecdb556c50c9e8de78 -> 
  custom:audio-decoder-ogg-vorbis: bf7c407c2cedff20999df2af8eb42d56 -> 
  custom:audio-encoder-webm-vorbis: bf7c407c2cedff20999df2af8eb42d56 -> 
AssetImportWorkerClient::OnTransportError - code=2 error=End of file
